[+] Containers:
 |- [+] Container: /Game/ThirdPerson/Maps/ThirdPersonMap
 |   |- [+] ActorDescs:
 |   |   |- Guid:007D79A946B6DE1AE6F64789F4C1D388 BaseClass: NativeClass:/Script/Engine.StaticMeshActor Name:StaticMeshActor_UAID_088FC357595593AC01_1321983667 Label:Cube4 SpatiallyLoaded:1 Bounds:IsValid=true, Min=(X=3157.500 Y=533.000 Z=-7.500), Max=(X=3182.500 Y=2633.000 Z=467.500) RuntimeGrid:None EditorOnly:0 RuntimeOnly:0 HLODRelevant:1
 |   |   |- Guid:10156E264C683DA638C5E98AFDBE3E78 BaseClass: NativeClass:/Script/Engine.StaticMeshActor Name:StaticMeshActor_UAID_088FC357595593AC01_1401590668 Label:Cube5 SpatiallyLoaded:1 Bounds:IsValid=true, Min=(X=2500.000 Y=1235.500 Z=-7.500), Max=(X=2600.000 Y=2610.500 Z=467.500) RuntimeGrid:None EditorOnly:0 RuntimeOnly:0 HLODRelevant:1
 |   |   |- Guid:1227C96646F1DA0D9B948795ECD3197A BaseClass: NativeClass:/Script/NavigationSystem.NavMeshBoundsVolume Name:NavMeshBoundsVolume_UAID_F02F7419E56A01AD01_1367953023 Label:NavMeshBoundsVolume SpatiallyLoaded:0 Bounds:IsValid=true, Min=(X=790.000 Y=0.000 Z=-1500.000), Max=(X=3790.000 Y=3000.000 Z=1500.000) RuntimeGrid:None EditorOnly:0 RuntimeOnly:0 HLODRelevant:0
 |   |   |- Guid:1D69D4EA452E4382EB2FF58D0B272A1B BaseClass: NativeClass:/Script/Engine.StaticMeshActor Name:StaticMeshActor_UAID_00BE438F8BF51BAB01_2050381487 Label:SM_Door SpatiallyLoaded:1 Bounds:IsValid=true, Min=(X=2770.000 Y=2580.758 Z=0.000), Max=(X=2860.000 Y=2599.242 Z=200.000) RuntimeGrid:None EditorOnly:0 RuntimeOnly:0 HLODRelevant:1
 |   |   |- Guid:2B29094741877F2D35AB21B8996E31A0 BaseClass: NativeClass:/Script/Engine.StaticMeshActor Name:StaticMeshActor_UAID_00BE438F8BF51CAB01_2080365668 Label:Shape_Cone3 SpatiallyLoaded:1 Bounds:IsValid=true, Min=(X=1060.303 Y=492.776 Z=313.015), Max=(X=1219.295 Y=655.240 Z=441.187) RuntimeGrid:None EditorOnly:0 RuntimeOnly:0 HLODRelevant:1
 |   |   |- Guid:2FB58999456391D349DC0F86DAC136ED BaseClass: NativeClass:/Script/Engine.SkyLight Name:SkyLight_1 Label:SkyLight SpatiallyLoaded:0 Bounds:IsValid=true, Min=(X=0.000 Y=0.000 Z=690.000), Max=(X=0.000 Y=0.000 Z=690.000) RuntimeGrid:None EditorOnly:0 RuntimeOnly:0 HLODRelevant:0 FolderPath:Lighting FolderGuid:963EC3EB4002CCE9759E2EBA541A873A
 |   |   |- Guid:316CF2A6494ACA4C0E4180A87D36AB8F BaseClass: NativeClass:/Script/Engine.ExponentialHeightFog Name:ExponentialHeightFog_0 Label:ExponentialHeightFog SpatiallyLoaded:0 Bounds:IsValid=true, Min=(X=-5600.000 Y=-50.000 Z=-6850.000), Max=(X=-5600.000 Y=-50.000 Z=-6850.000) RuntimeGrid:None EditorOnly:0 RuntimeOnly:0 HLODRelevant:0 FolderPath:Lighting FolderGuid:963EC3EB4002CCE9759E2EBA541A873A
 |   |   |- Guid:38A603844D9C75E039524C808B061761 BaseClass: NativeClass:/Script/Engine.StaticMeshActor Name:StaticMeshActor_UAID_088FC357595593AC01_1108596664 Label:Cube SpatiallyLoaded:1 Bounds:IsValid=true, Min=(X=1125.000 Y=540.500 Z=-7.500), Max=(X=3175.000 Y=565.500 Z=467.500) RuntimeGrid:None EditorOnly:0 RuntimeOnly:0 HLODRelevant:1
 |   |   |- Guid:3A00AA1C422CE54C0BDB60BAF471BFBB BaseClass: NativeClass:/Script/Engine.PlayerStart Name:PlayerStart_0 Label:PlayerStart SpatiallyLoaded:0 Bounds:IsValid=true, Min=(X=2819.715 Y=2305.266 Z=15.761), Max=(X=2899.715 Y=2385.266 Z=199.761) RuntimeGrid:None EditorOnly:0 RuntimeOnly:0 HLODRelevant:0
 |   |   |- Guid:413AE2EF4E537677815903A0A57EB371 BaseClass: NativeClass:/Script/Engine.StaticMeshActor Name:StaticMeshActor_UAID_00BE438F8BF51CAB01_1688650665 Label:Shape_Cone SpatiallyLoaded:1 Bounds:IsValid=true, Min=(X=2710.000 Y=2512.899 Z=313.015), Max=(X=2810.000 Y=2641.070 Z=441.187) RuntimeGrid:None EditorOnly:0 RuntimeOnly:0 HLODRelevant:1
 |   |   |- Guid:46434B354274788328E10F95DF32410B BaseClass: NativeClass:/Script/Engine.StaticMeshActor Name:StaticMeshActor_UAID_00BE438F8BF51DAB01_1694644848 Label:Shape_Cube SpatiallyLoaded:1 Bounds:IsValid=true, Min=(X=1890.000 Y=1095.000 Z=-10.000), Max=(X=2290.000 Y=1545.000 Z=90.000) RuntimeGrid:None EditorOnly:0 RuntimeOnly:0 HLODRelevant:1
 |   |   |- Guid:4D3BE93F4146AAAC8BBE79999D96D57F BaseClass: NativeClass:/Script/Engine.VolumetricCloud Name:VolumetricCloud_0 Label:VolumetricCloud SpatiallyLoaded:0 Bounds:IsValid=true, Min=(X=0.000 Y=0.000 Z=820.000), Max=(X=0.000 Y=0.000 Z=820.000) RuntimeGrid:None EditorOnly:0 RuntimeOnly:0 HLODRelevant:0 FolderPath:Lighting FolderGuid:963EC3EB4002CCE9759E2EBA541A873A
 |   |   |- Guid:51029FB24FDE51771D5E4F805084AD13 BaseClass: NativeClass:/Script/Engine.StaticMeshActor Name:StaticMeshActor_UAID_00BE438F8BF51BAB01_2061707488 Label:SM_Door2 SpatiallyLoaded:1 Bounds:IsValid=true, Min=(X=2680.000 Y=2580.758 Z=0.000), Max=(X=2770.000 Y=2599.242 Z=200.000) RuntimeGrid:None EditorOnly:0 RuntimeOnly:0 HLODRelevant:1
 |   |   |- Guid:53E3C12B40DFEAB899D271847D9F8EEF BaseClass: NativeClass:/Script/Engine.StaticMeshActor Name:StaticMeshActor_UAID_00BE438F8BF51CAB01_1724115666 Label:Shape_Cone2 SpatiallyLoaded:1 Bounds:IsValid=true, Min=(X=2347.790 Y=541.935 Z=313.015), Max=(X=2468.528 Y=685.524 Z=441.187) RuntimeGrid:None EditorOnly:0 RuntimeOnly:0 HLODRelevant:1
 |   |   |- Guid:6B5D3B734ED689D9C9B5CCB9F85DACFF BaseClass: NativeClass:/Script/Engine.StaticMeshActor Name:StaticMeshActor_UAID_088FC357595592AC01_2094023487 Label:Plane SpatiallyLoaded:1 Bounds:IsValid=true, Min=(X=1125.000 Y=565.000 Z=-10.000), Max=(X=3175.000 Y=2615.000 Z=-10.000) RuntimeGrid:None EditorOnly:0 RuntimeOnly:0 HLODRelevant:1
 |   |   |- Guid:6BAF4DDD444C60371492D3919DB42C97 BaseClass: NativeClass:/Script/Engine.WorldDataLayers Name:WorldDataLayers Label:WorldDataLayers SpatiallyLoaded:0 Bounds:IsValid=true, Min=(X=0.000 Y=0.000 Z=0.000), Max=(X=0.000 Y=0.000 Z=0.000) RuntimeGrid:None EditorOnly:0 RuntimeOnly:0 HLODRelevant:0
 |   |   |- Guid:7027228C45B65791E7AD52B32DDE40F7 BaseClass: NativeClass:/Script/Engine.StaticMeshActor Name:StaticMeshActor_UAID_00BE438F8BF51DAB01_2103623854 Label:SM_Couch2 SpatiallyLoaded:1 Bounds:IsValid=true, Min=(X=1764.034 Y=578.922 Z=0.096), Max=(X=2035.966 Y=661.078 Z=115.447) RuntimeGrid:None EditorOnly:0 RuntimeOnly:0 HLODRelevant:1
 |   |   |- Guid:A1608A5B4463D599020510AF4ED6D3C0 BaseClass: NativeClass:/Script/Engine.StaticMeshActor Name:StaticMeshActor_UAID_00BE438F8BF51DAB01_2107142855 Label:SM_Couch3 SpatiallyLoaded:1 Bounds:IsValid=true, Min=(X=1758.922 Y=632.059 Z=0.096), Max=(X=1841.078 Y=1107.941 Z=115.447) RuntimeGrid:None EditorOnly:0 RuntimeOnly:0 HLODRelevant:1
 |   |   |- Guid:B785ED2844B84CFB91E7F39FE661CD99 BaseClass: NativeClass:/Script/Engine.DirectionalLight Name:DirectionalLight_0 Label:DirectionalLight SpatiallyLoaded:0 Bounds:IsValid=true, Min=(X=-1048576.000 Y=-1048576.000 Z=-1048576.000), Max=(X=1048576.000 Y=1048576.000 Z=1048576.000) RuntimeGrid:None EditorOnly:0 RuntimeOnly:0 HLODRelevant:0 FolderPath:Lighting FolderGuid:963EC3EB4002CCE9759E2EBA541A873A
 |   |   |- Guid:B8BF66C94F0D7EAEA795FA846A8CE6DA BaseClass: NativeClass:/Script/Engine.StaticMeshActor Name:StaticMeshActor_UAID_00BE438F8BF51CAB01_2041000667 Label:SM_Door3 SpatiallyLoaded:1 Bounds:IsValid=true, Min=(X=1300.000 Y=2580.758 Z=0.000), Max=(X=1390.000 Y=2599.242 Z=200.000) RuntimeGrid:None EditorOnly:0 RuntimeOnly:0 HLODRelevant:1
 |   |   |- Guid:BF7E4D5F4D799A3C14A2EB87F82201C4 BaseClass: NativeClass:/Script/Engine.StaticMeshActor Name:StaticMeshActor_UAID_00BE438F8BF51DAB01_1924160852 Label:Shape_Cube4 SpatiallyLoaded:1 Bounds:IsValid=true, Min=(X=1280.000 Y=1905.000 Z=-10.000), Max=(X=1680.000 Y=2355.000 Z=90.000) RuntimeGrid:None EditorOnly:0 RuntimeOnly:0 HLODRelevant:1
 |   |   |- Guid:C77FF5354D04F6FA669B678C2AE14962 BaseClass: NativeClass:/Script/Engine.StaticMeshActor Name:StaticMeshActor_UAID_088FC357595593AC01_1216919665 Label:Cube2 SpatiallyLoaded:1 Bounds:IsValid=true, Min=(X=1107.500 Y=545.500 Z=-7.500), Max=(X=1132.500 Y=2620.500 Z=467.500) RuntimeGrid:None EditorOnly:0 RuntimeOnly:0 HLODRelevant:1
 |   |   |- Guid:C93148FB4782A2A28E6FD5B9BF3ADAF3 BaseClass: NativeClass:/Script/NavigationSystem.RecastNavMesh Name:RecastNavMesh_UAID_F02F7419E56A01AD01-Default Label:RecastNavMesh-Default SpatiallyLoaded:0 Bounds:IsValid=true, Min=(X=0.000 Y=0.000 Z=0.000), Max=(X=0.000 Y=0.000 Z=0.000) RuntimeGrid:None EditorOnly:0 RuntimeOnly:0 HLODRelevant:0
 |   |   |- Guid:CCFF262C46EEFFDF319E7F9539CE697E BaseClass: NativeClass:/Script/Engine.SkyAtmosphere Name:SkyAtmosphere_0 Label:SkyAtmosphere SpatiallyLoaded:0 Bounds:IsValid=true, Min=(X=0.000 Y=0.000 Z=1020.000), Max=(X=0.000 Y=0.000 Z=1020.000) RuntimeGrid:None EditorOnly:0 RuntimeOnly:0 HLODRelevant:0 FolderPath:Lighting FolderGuid:963EC3EB4002CCE9759E2EBA541A873A
 |   |   |- Guid:D174E3C44EDA43EC71778B84D10728CF BaseClass: NativeClass:/Script/Engine.StaticMeshActor Name:StaticMeshActor_UAID_088FC357595593AC01_1566904670 Label:Cube7 SpatiallyLoaded:1 Bounds:IsValid=true, Min=(X=2030.000 Y=2033.000 Z=-40.000), Max=(X=2530.000 Y=2133.000 Z=460.000) RuntimeGrid:None EditorOnly:0 RuntimeOnly:0 HLODRelevant:1
 |   |   |- Guid:DC5C9A32424A308F6B23739C4C30592F BaseClass: NativeClass:/Script/Engine.StaticMeshActor Name:StaticMeshActor_UAID_00BE438F8BF51DAB01_1159006847 Label:SM_Chair SpatiallyLoaded:1 Bounds:IsValid=true, Min=(X=2278.235 Y=2338.378 Z=0.000), Max=(X=2382.357 Y=2443.249 Z=115.351) RuntimeGrid:None EditorOnly:0 RuntimeOnly:0 HLODRelevant:1
 |   |   |- Guid:EA9745F742A6DAB05B9442B0790EEADC BaseClass: NativeClass:/Script/Engine.StaticMeshActor Name:StaticMeshActor_UAID_00BE438F8BF51DAB01_2083250853 Label:SM_Couch SpatiallyLoaded:1 Bounds:IsValid=true, Min=(X=2014.034 Y=578.922 Z=0.096), Max=(X=2285.966 Y=661.078 Z=115.447) RuntimeGrid:None EditorOnly:0 RuntimeOnly:0 HLODRelevant:1
 |   |   |- Guid:EC4E0C944CE6AC6E784BC6BB2916EA13 BaseClass: NativeClass:/Script/Engine.StaticMeshActor Name:StaticMeshActor_UAID_A4AE111137DC5EFB00_1110535423 Label:SM_SkySphere SpatiallyLoaded:0 Bounds:IsValid=true, Min=(X=-409600.000 Y=-409600.000 Z=-409600.000), Max=(X=409600.000 Y=409600.000 Z=409600.000) RuntimeGrid:None EditorOnly:0 RuntimeOnly:0 HLODRelevant:1 FolderPath:Lighting FolderGuid:963EC3EB4002CCE9759E2EBA541A873A
 |   |   |- Guid:ED7C2F294BD1D58CC0CD75879A330E0A BaseClass: NativeClass:/Script/Engine.StaticMeshActor Name:StaticMeshActor_UAID_088FC357595593AC01_1239108666 Label:Cube3 SpatiallyLoaded:1 Bounds:IsValid=true, Min=(X=1105.000 Y=2610.500 Z=-7.500), Max=(X=3155.000 Y=2635.500 Z=467.500) RuntimeGrid:None EditorOnly:0 RuntimeOnly:0 HLODRelevant:1
 |   |   |- Guid:F1924B8D48954B30891B2DB6A694F9CC BaseClass: NativeClass:/Script/Engine.StaticMeshActor Name:StaticMeshActor_1 Label:SM_Cube SpatiallyLoaded:1 Bounds:IsValid=true, Min=(X=1000.000 Y=700.000 Z=-30.000), Max=(X=3000.000 Y=2700.000 Z=400.000) RuntimeGrid:None EditorOnly:0 RuntimeOnly:0 HLODRelevant:0 FolderPath:Playground FolderGuid:C73F09FC4215536B1DCE2A9E0A830C70
 |   |   |- Guid:F2AC9E4D4A92F77DAD0F6FB1D2CC4B14 BaseClass: NativeClass:/Script/Engine.StaticMeshActor Name:StaticMeshActor_UAID_00BE438F8BF51CAB01_2105427669 Label:Shape_Cone4 SpatiallyLoaded:1 Bounds:IsValid=true, Min=(X=1092.776 Y=2480.705 Z=363.015), Max=(X=1255.240 Y=2639.697 Z=491.187) RuntimeGrid:None EditorOnly:0 RuntimeOnly:0 HLODRelevant:1
 |   |   |- Guid:F5E3FEB3450C49844FD93DA8E083C8AD BaseClass: NativeClass:/Script/Engine.PostProcessVolume Name:PostProcessVolume_0 Label:PostProcessVolume SpatiallyLoaded:0 Bounds:IsValid=true, Min=(X=0.000 Y=0.000 Z=400.000), Max=(X=200.000 Y=200.000 Z=600.000) RuntimeGrid:None EditorOnly:0 RuntimeOnly:0 HLODRelevant:0 FolderPath:Lighting FolderGuid:963EC3EB4002CCE9759E2EBA541A873A
 |   |   |- Guid:F5E7DF96463257780C22A7B47F069014 BaseClass: NativeClass:/Script/Engine.StaticMeshActor Name:StaticMeshActor_UAID_00BE438F8BF51DAB01_1921134851 Label:Shape_Cube3 SpatiallyLoaded:1 Bounds:IsValid=true, Min=(X=1280.000 Y=1435.000 Z=-10.000), Max=(X=1680.000 Y=1885.000 Z=90.000) RuntimeGrid:None EditorOnly:0 RuntimeOnly:0 HLODRelevant:1
 |   |   |- Guid:F8634D3A43FDC2CF3D607290C3D24CBA BaseClass: NativeClass:/Script/Engine.StaticMeshActor Name:StaticMeshActor_UAID_088FC357595593AC01_1469645669 Label:Cube6 SpatiallyLoaded:1 Bounds:IsValid=true, Min=(X=2030.000 Y=2123.000 Z=-30.000), Max=(X=2130.000 Y=2623.000 Z=470.000) RuntimeGrid:None EditorOnly:0 RuntimeOnly:0 HLODRelevant:1
 |   |- [+] Clusters:
 |   |   |- [+] [  0]
 |   |   |   |- Guid:6BAF4DDD444C60371492D3919DB42C97 BaseClass: NativeClass:/Script/Engine.WorldDataLayers Name:WorldDataLayers Label:WorldDataLayers SpatiallyLoaded:0 Bounds:IsValid=true, Min=(X=0.000 Y=0.000 Z=0.000), Max=(X=0.000 Y=0.000 Z=0.000) RuntimeGrid:None EditorOnly:0 RuntimeOnly:0 HLODRelevant:0
 |   |   |- [+] [  1]
 |   |   |   |- Guid:38A603844D9C75E039524C808B061761 BaseClass: NativeClass:/Script/Engine.StaticMeshActor Name:StaticMeshActor_UAID_088FC357595593AC01_1108596664 Label:Cube SpatiallyLoaded:1 Bounds:IsValid=true, Min=(X=1125.000 Y=540.500 Z=-7.500), Max=(X=3175.000 Y=565.500 Z=467.500) RuntimeGrid:None EditorOnly:0 RuntimeOnly:0 HLODRelevant:1
 |   |   |- [+] [  2]
 |   |   |   |- Guid:F5E3FEB3450C49844FD93DA8E083C8AD BaseClass: NativeClass:/Script/Engine.PostProcessVolume Name:PostProcessVolume_0 Label:PostProcessVolume SpatiallyLoaded:0 Bounds:IsValid=true, Min=(X=0.000 Y=0.000 Z=400.000), Max=(X=200.000 Y=200.000 Z=600.000) RuntimeGrid:None EditorOnly:0 RuntimeOnly:0 HLODRelevant:0 FolderPath:Lighting FolderGuid:963EC3EB4002CCE9759E2EBA541A873A
 |   |   |- [+] [  3]
 |   |   |   |- Guid:10156E264C683DA638C5E98AFDBE3E78 BaseClass: NativeClass:/Script/Engine.StaticMeshActor Name:StaticMeshActor_UAID_088FC357595593AC01_1401590668 Label:Cube5 SpatiallyLoaded:1 Bounds:IsValid=true, Min=(X=2500.000 Y=1235.500 Z=-7.500), Max=(X=2600.000 Y=2610.500 Z=467.500) RuntimeGrid:None EditorOnly:0 RuntimeOnly:0 HLODRelevant:1
 |   |   |- [+] [  4]
 |   |   |   |- Guid:1227C96646F1DA0D9B948795ECD3197A BaseClass: NativeClass:/Script/NavigationSystem.NavMeshBoundsVolume Name:NavMeshBoundsVolume_UAID_F02F7419E56A01AD01_1367953023 Label:NavMeshBoundsVolume SpatiallyLoaded:0 Bounds:IsValid=true, Min=(X=790.000 Y=0.000 Z=-1500.000), Max=(X=3790.000 Y=3000.000 Z=1500.000) RuntimeGrid:None EditorOnly:0 RuntimeOnly:0 HLODRelevant:0
 |   |   |- [+] [  5]
 |   |   |   |- Guid:DC5C9A32424A308F6B23739C4C30592F BaseClass: NativeClass:/Script/Engine.StaticMeshActor Name:StaticMeshActor_UAID_00BE438F8BF51DAB01_1159006847 Label:SM_Chair SpatiallyLoaded:1 Bounds:IsValid=true, Min=(X=2278.235 Y=2338.378 Z=0.000), Max=(X=2382.357 Y=2443.249 Z=115.351) RuntimeGrid:None EditorOnly:0 RuntimeOnly:0 HLODRelevant:1
 |   |   |- [+] [  6]
 |   |   |   |- Guid:413AE2EF4E537677815903A0A57EB371 BaseClass: NativeClass:/Script/Engine.StaticMeshActor Name:StaticMeshActor_UAID_00BE438F8BF51CAB01_1688650665 Label:Shape_Cone SpatiallyLoaded:1 Bounds:IsValid=true, Min=(X=2710.000 Y=2512.899 Z=313.015), Max=(X=2810.000 Y=2641.070 Z=441.187) RuntimeGrid:None EditorOnly:0 RuntimeOnly:0 HLODRelevant:1
 |   |   |- [+] [  7]
 |   |   |   |- Guid:1D69D4EA452E4382EB2FF58D0B272A1B BaseClass: NativeClass:/Script/Engine.StaticMeshActor Name:StaticMeshActor_UAID_00BE438F8BF51BAB01_2050381487 Label:SM_Door SpatiallyLoaded:1 Bounds:IsValid=true, Min=(X=2770.000 Y=2580.758 Z=0.000), Max=(X=2860.000 Y=2599.242 Z=200.000) RuntimeGrid:None EditorOnly:0 RuntimeOnly:0 HLODRelevant:1
 |   |   |- [+] [  8]
 |   |   |   |- Guid:4D3BE93F4146AAAC8BBE79999D96D57F BaseClass: NativeClass:/Script/Engine.VolumetricCloud Name:VolumetricCloud_0 Label:VolumetricCloud SpatiallyLoaded:0 Bounds:IsValid=true, Min=(X=0.000 Y=0.000 Z=820.000), Max=(X=0.000 Y=0.000 Z=820.000) RuntimeGrid:None EditorOnly:0 RuntimeOnly:0 HLODRelevant:0 FolderPath:Lighting FolderGuid:963EC3EB4002CCE9759E2EBA541A873A
 |   |   |- [+] [  9]
 |   |   |   |- Guid:007D79A946B6DE1AE6F64789F4C1D388 BaseClass: NativeClass:/Script/Engine.StaticMeshActor Name:StaticMeshActor_UAID_088FC357595593AC01_1321983667 Label:Cube4 SpatiallyLoaded:1 Bounds:IsValid=true, Min=(X=3157.500 Y=533.000 Z=-7.500), Max=(X=3182.500 Y=2633.000 Z=467.500) RuntimeGrid:None EditorOnly:0 RuntimeOnly:0 HLODRelevant:1
 |   |   |- [+] [ 10]
 |   |   |   |- Guid:F8634D3A43FDC2CF3D607290C3D24CBA BaseClass: NativeClass:/Script/Engine.StaticMeshActor Name:StaticMeshActor_UAID_088FC357595593AC01_1469645669 Label:Cube6 SpatiallyLoaded:1 Bounds:IsValid=true, Min=(X=2030.000 Y=2123.000 Z=-30.000), Max=(X=2130.000 Y=2623.000 Z=470.000) RuntimeGrid:None EditorOnly:0 RuntimeOnly:0 HLODRelevant:1
 |   |   |- [+] [ 11]
 |   |   |   |- Guid:CCFF262C46EEFFDF319E7F9539CE697E BaseClass: NativeClass:/Script/Engine.SkyAtmosphere Name:SkyAtmosphere_0 Label:SkyAtmosphere SpatiallyLoaded:0 Bounds:IsValid=true, Min=(X=0.000 Y=0.000 Z=1020.000), Max=(X=0.000 Y=0.000 Z=1020.000) RuntimeGrid:None EditorOnly:0 RuntimeOnly:0 HLODRelevant:0 FolderPath:Lighting FolderGuid:963EC3EB4002CCE9759E2EBA541A873A
 |   |   |- [+] [ 12]
 |   |   |   |- Guid:EC4E0C944CE6AC6E784BC6BB2916EA13 BaseClass: NativeClass:/Script/Engine.StaticMeshActor Name:StaticMeshActor_UAID_A4AE111137DC5EFB00_1110535423 Label:SM_SkySphere SpatiallyLoaded:0 Bounds:IsValid=true, Min=(X=-409600.000 Y=-409600.000 Z=-409600.000), Max=(X=409600.000 Y=409600.000 Z=409600.000) RuntimeGrid:None EditorOnly:0 RuntimeOnly:0 HLODRelevant:1 FolderPath:Lighting FolderGuid:963EC3EB4002CCE9759E2EBA541A873A
 |   |   |- [+] [ 13]
 |   |   |   |- Guid:EA9745F742A6DAB05B9442B0790EEADC BaseClass: NativeClass:/Script/Engine.StaticMeshActor Name:StaticMeshActor_UAID_00BE438F8BF51DAB01_2083250853 Label:SM_Couch SpatiallyLoaded:1 Bounds:IsValid=true, Min=(X=2014.034 Y=578.922 Z=0.096), Max=(X=2285.966 Y=661.078 Z=115.447) RuntimeGrid:None EditorOnly:0 RuntimeOnly:0 HLODRelevant:1
 |   |   |- [+] [ 14]
 |   |   |   |- Guid:B785ED2844B84CFB91E7F39FE661CD99 BaseClass: NativeClass:/Script/Engine.DirectionalLight Name:DirectionalLight_0 Label:DirectionalLight SpatiallyLoaded:0 Bounds:IsValid=true, Min=(X=-1048576.000 Y=-1048576.000 Z=-1048576.000), Max=(X=1048576.000 Y=1048576.000 Z=1048576.000) RuntimeGrid:None EditorOnly:0 RuntimeOnly:0 HLODRelevant:0 FolderPath:Lighting FolderGuid:963EC3EB4002CCE9759E2EBA541A873A
 |   |   |- [+] [ 15]
 |   |   |   |- Guid:51029FB24FDE51771D5E4F805084AD13 BaseClass: NativeClass:/Script/Engine.StaticMeshActor Name:StaticMeshActor_UAID_00BE438F8BF51BAB01_2061707488 Label:SM_Door2 SpatiallyLoaded:1 Bounds:IsValid=true, Min=(X=2680.000 Y=2580.758 Z=0.000), Max=(X=2770.000 Y=2599.242 Z=200.000) RuntimeGrid:None EditorOnly:0 RuntimeOnly:0 HLODRelevant:1
 |   |   |- [+] [ 16]
 |   |   |   |- Guid:F5E7DF96463257780C22A7B47F069014 BaseClass: NativeClass:/Script/Engine.StaticMeshActor Name:StaticMeshActor_UAID_00BE438F8BF51DAB01_1921134851 Label:Shape_Cube3 SpatiallyLoaded:1 Bounds:IsValid=true, Min=(X=1280.000 Y=1435.000 Z=-10.000), Max=(X=1680.000 Y=1885.000 Z=90.000) RuntimeGrid:None EditorOnly:0 RuntimeOnly:0 HLODRelevant:1
 |   |   |- [+] [ 17]
 |   |   |   |- Guid:316CF2A6494ACA4C0E4180A87D36AB8F BaseClass: NativeClass:/Script/Engine.ExponentialHeightFog Name:ExponentialHeightFog_0 Label:ExponentialHeightFog SpatiallyLoaded:0 Bounds:IsValid=true, Min=(X=-5600.000 Y=-50.000 Z=-6850.000), Max=(X=-5600.000 Y=-50.000 Z=-6850.000) RuntimeGrid:None EditorOnly:0 RuntimeOnly:0 HLODRelevant:0 FolderPath:Lighting FolderGuid:963EC3EB4002CCE9759E2EBA541A873A
 |   |   |- [+] [ 18]
 |   |   |   |- Guid:2B29094741877F2D35AB21B8996E31A0 BaseClass: NativeClass:/Script/Engine.StaticMeshActor Name:StaticMeshActor_UAID_00BE438F8BF51CAB01_2080365668 Label:Shape_Cone3 SpatiallyLoaded:1 Bounds:IsValid=true, Min=(X=1060.303 Y=492.776 Z=313.015), Max=(X=1219.295 Y=655.240 Z=441.187) RuntimeGrid:None EditorOnly:0 RuntimeOnly:0 HLODRelevant:1
 |   |   |- [+] [ 19]
 |   |   |   |- Guid:F1924B8D48954B30891B2DB6A694F9CC BaseClass: NativeClass:/Script/Engine.StaticMeshActor Name:StaticMeshActor_1 Label:SM_Cube SpatiallyLoaded:1 Bounds:IsValid=true, Min=(X=1000.000 Y=700.000 Z=-30.000), Max=(X=3000.000 Y=2700.000 Z=400.000) RuntimeGrid:None EditorOnly:0 RuntimeOnly:0 HLODRelevant:0 FolderPath:Playground FolderGuid:C73F09FC4215536B1DCE2A9E0A830C70
 |   |   |- [+] [ 20]
 |   |   |   |- Guid:2FB58999456391D349DC0F86DAC136ED BaseClass: NativeClass:/Script/Engine.SkyLight Name:SkyLight_1 Label:SkyLight SpatiallyLoaded:0 Bounds:IsValid=true, Min=(X=0.000 Y=0.000 Z=690.000), Max=(X=0.000 Y=0.000 Z=690.000) RuntimeGrid:None EditorOnly:0 RuntimeOnly:0 HLODRelevant:0 FolderPath:Lighting FolderGuid:963EC3EB4002CCE9759E2EBA541A873A
 |   |   |- [+] [ 21]
 |   |   |   |- Guid:46434B354274788328E10F95DF32410B BaseClass: NativeClass:/Script/Engine.StaticMeshActor Name:StaticMeshActor_UAID_00BE438F8BF51DAB01_1694644848 Label:Shape_Cube SpatiallyLoaded:1 Bounds:IsValid=true, Min=(X=1890.000 Y=1095.000 Z=-10.000), Max=(X=2290.000 Y=1545.000 Z=90.000) RuntimeGrid:None EditorOnly:0 RuntimeOnly:0 HLODRelevant:1
 |   |   |- [+] [ 22]
 |   |   |   |- Guid:D174E3C44EDA43EC71778B84D10728CF BaseClass: NativeClass:/Script/Engine.StaticMeshActor Name:StaticMeshActor_UAID_088FC357595593AC01_1566904670 Label:Cube7 SpatiallyLoaded:1 Bounds:IsValid=true, Min=(X=2030.000 Y=2033.000 Z=-40.000), Max=(X=2530.000 Y=2133.000 Z=460.000) RuntimeGrid:None EditorOnly:0 RuntimeOnly:0 HLODRelevant:1
 |   |   |- [+] [ 23]
 |   |   |   |- Guid:C77FF5354D04F6FA669B678C2AE14962 BaseClass: NativeClass:/Script/Engine.StaticMeshActor Name:StaticMeshActor_UAID_088FC357595593AC01_1216919665 Label:Cube2 SpatiallyLoaded:1 Bounds:IsValid=true, Min=(X=1107.500 Y=545.500 Z=-7.500), Max=(X=1132.500 Y=2620.500 Z=467.500) RuntimeGrid:None EditorOnly:0 RuntimeOnly:0 HLODRelevant:1
 |   |   |- [+] [ 24]
 |   |   |   |- Guid:B8BF66C94F0D7EAEA795FA846A8CE6DA BaseClass: NativeClass:/Script/Engine.StaticMeshActor Name:StaticMeshActor_UAID_00BE438F8BF51CAB01_2041000667 Label:SM_Door3 SpatiallyLoaded:1 Bounds:IsValid=true, Min=(X=1300.000 Y=2580.758 Z=0.000), Max=(X=1390.000 Y=2599.242 Z=200.000) RuntimeGrid:None EditorOnly:0 RuntimeOnly:0 HLODRelevant:1
 |   |   |- [+] [ 25]
 |   |   |   |- Guid:F2AC9E4D4A92F77DAD0F6FB1D2CC4B14 BaseClass: NativeClass:/Script/Engine.StaticMeshActor Name:StaticMeshActor_UAID_00BE438F8BF51CAB01_2105427669 Label:Shape_Cone4 SpatiallyLoaded:1 Bounds:IsValid=true, Min=(X=1092.776 Y=2480.705 Z=363.015), Max=(X=1255.240 Y=2639.697 Z=491.187) RuntimeGrid:None EditorOnly:0 RuntimeOnly:0 HLODRelevant:1
 |   |   |- [+] [ 26]
 |   |   |   |- Guid:53E3C12B40DFEAB899D271847D9F8EEF BaseClass: NativeClass:/Script/Engine.StaticMeshActor Name:StaticMeshActor_UAID_00BE438F8BF51CAB01_1724115666 Label:Shape_Cone2 SpatiallyLoaded:1 Bounds:IsValid=true, Min=(X=2347.790 Y=541.935 Z=313.015), Max=(X=2468.528 Y=685.524 Z=441.187) RuntimeGrid:None EditorOnly:0 RuntimeOnly:0 HLODRelevant:1
 |   |   |- [+] [ 27]
 |   |   |   |- Guid:ED7C2F294BD1D58CC0CD75879A330E0A BaseClass: NativeClass:/Script/Engine.StaticMeshActor Name:StaticMeshActor_UAID_088FC357595593AC01_1239108666 Label:Cube3 SpatiallyLoaded:1 Bounds:IsValid=true, Min=(X=1105.000 Y=2610.500 Z=-7.500), Max=(X=3155.000 Y=2635.500 Z=467.500) RuntimeGrid:None EditorOnly:0 RuntimeOnly:0 HLODRelevant:1
 |   |   |- [+] [ 28]
 |   |   |   |- Guid:7027228C45B65791E7AD52B32DDE40F7 BaseClass: NativeClass:/Script/Engine.StaticMeshActor Name:StaticMeshActor_UAID_00BE438F8BF51DAB01_2103623854 Label:SM_Couch2 SpatiallyLoaded:1 Bounds:IsValid=true, Min=(X=1764.034 Y=578.922 Z=0.096), Max=(X=2035.966 Y=661.078 Z=115.447) RuntimeGrid:None EditorOnly:0 RuntimeOnly:0 HLODRelevant:1
 |   |   |- [+] [ 29]
 |   |   |   |- Guid:6B5D3B734ED689D9C9B5CCB9F85DACFF BaseClass: NativeClass:/Script/Engine.StaticMeshActor Name:StaticMeshActor_UAID_088FC357595592AC01_2094023487 Label:Plane SpatiallyLoaded:1 Bounds:IsValid=true, Min=(X=1125.000 Y=565.000 Z=-10.000), Max=(X=3175.000 Y=2615.000 Z=-10.000) RuntimeGrid:None EditorOnly:0 RuntimeOnly:0 HLODRelevant:1
 |   |   |- [+] [ 30]
 |   |   |   |- Guid:3A00AA1C422CE54C0BDB60BAF471BFBB BaseClass: NativeClass:/Script/Engine.PlayerStart Name:PlayerStart_0 Label:PlayerStart SpatiallyLoaded:0 Bounds:IsValid=true, Min=(X=2819.715 Y=2305.266 Z=15.761), Max=(X=2899.715 Y=2385.266 Z=199.761) RuntimeGrid:None EditorOnly:0 RuntimeOnly:0 HLODRelevant:0
 |   |   |- [+] [ 31]
 |   |   |   |- Guid:BF7E4D5F4D799A3C14A2EB87F82201C4 BaseClass: NativeClass:/Script/Engine.StaticMeshActor Name:StaticMeshActor_UAID_00BE438F8BF51DAB01_1924160852 Label:Shape_Cube4 SpatiallyLoaded:1 Bounds:IsValid=true, Min=(X=1280.000 Y=1905.000 Z=-10.000), Max=(X=1680.000 Y=2355.000 Z=90.000) RuntimeGrid:None EditorOnly:0 RuntimeOnly:0 HLODRelevant:1
 |   |   |- [+] [ 32]
 |   |   |   |- Guid:A1608A5B4463D599020510AF4ED6D3C0 BaseClass: NativeClass:/Script/Engine.StaticMeshActor Name:StaticMeshActor_UAID_00BE438F8BF51DAB01_2107142855 Label:SM_Couch3 SpatiallyLoaded:1 Bounds:IsValid=true, Min=(X=1758.922 Y=632.059 Z=0.096), Max=(X=1841.078 Y=1107.941 Z=115.447) RuntimeGrid:None EditorOnly:0 RuntimeOnly:0 HLODRelevant:1
 |   |   |- [+] [ 33]
 |   |   |   |- Guid:C93148FB4782A2A28E6FD5B9BF3ADAF3 BaseClass: NativeClass:/Script/NavigationSystem.RecastNavMesh Name:RecastNavMesh_UAID_F02F7419E56A01AD01-Default Label:RecastNavMesh-Default SpatiallyLoaded:0 Bounds:IsValid=true, Min=(X=0.000 Y=0.000 Z=0.000), Max=(X=0.000 Y=0.000 Z=0.000) RuntimeGrid:None EditorOnly:0 RuntimeOnly:0 HLODRelevant:0
 |- ContainerInstances:
 |- [+] MainContainer:
 |   |-        ID: 0x0000000000000000
 |   |-    Bounds: IsValid=false, Min=(X=0.000 Y=0.000 Z=0.000), Max=(X=0.000 Y=0.000 Z=0.000)
 |   |- Transform: 0.000000,0.000000,0.000000|0.000000,0.000000,-0.000000|1.000000,1.000000,1.000000
 |   |- Container: /Game/ThirdPerson/Maps/ThirdPersonMap
----------------------------------------------------------------------------------------------------------------
ThirdPersonMap - Persistent Level
----------------------------------------------------------------------------------------------------------------
Always loaded Actor Count: 42 

----------------------------------------------------------------------------------------------------------------
ThirdPersonMap - Runtime Spatial Hash - Streaming Grid - MainGrid
----------------------------------------------------------------------------------------------------------------
            Origin: X=0.000 Y=0.000 Z=0.000
         Cell Size: 12800
      World Bounds: IsValid=false, Min=(X=0.000 Y=0.000 Z=0.000), Max=(X=0.000 Y=0.000 Z=0.000)
     Loading Range: 25600.00
Block Slow Loading: No
 ClientOnlyVisible: No

[+] Grid Levels: 1
 |- Level  0: Cell Count    0 | Cell Size   12800 | Actor Count    0 (0.0%)

[+] Content of Grid Level 0

